Arguments: 
  C:\Program Files\nodejs\node.exe C:\Users\osama.abid\AppData\Roaming\npm\node_modules\yarn\bin\yarn.js add -D typescript tsc-watch eslint prettier eslint-config-prettiertypescript tsc-watch eslint prettier eslint-config-prettier eslint-plugin-prettier @typescript-eslint/parser @typescript-eslint/eslint-plugin @types/node @types/express

PATH: 
  C:\Users\osama.abid\bin;C:\Users\osama.abid\AppData\Local\Programs\Git\mingw64\bin;C:\Users\osama.abid\AppData\Local\Programs\Git\usr\local\bin;C:\Users\osama.abid\AppData\Local\Programs\Git\usr\bin;C:\Users\osama.abid\AppData\Local\Programs\Git\usr\bin;C:\Users\osama.abid\AppData\Local\Programs\Git\mingw64\bin;C:\Users\osama.abid\AppData\Local\Programs\Git\usr\bin;C:\Users\osama.abid\bin;C:\Users\osama.abid\AppData\Local\cloud-code\installer\google-cloud-sdk\bin;C:\Program Files (x86)\VMware\VMware Player\bin;C:\Windows\system32;C:\Windows;C:\Windows\System32\Wbem;C:\Windows\System32\WindowsPowerShell\v1.0;C:\Windows\System32\OpenSSH;C:\Program Files\TortoiseSVN\bin;C:\Program Files\Microsoft SQL Server\Client SDK\ODBC\170\Tools\Binn;C:\Program Files (x86)\Microsoft SQL Server\150\Tools\Binn;C:\Program Files\Microsoft SQL Server\150\Tools\Binn;C:\Program Files\Microsoft SQL Server\150\DTS\Binn;C:\Program Files (x86)\Microsoft SQL Server\150\DTS\Binn;C:\Program Files\Azure Data Studio\bin;C:\Program Files\dotnet;C:\Program Files\Microsoft SQL Server\130\Tools\Binn;C:\Program Files\PuTTY;C:\Program Files\Amazon\AWSCLIV2;C:\Program Files\Memurai;C:\Program Files\Redis;C:\Program Files\nodejs;C:\Users\Administrator\Downloads;D:\skaffold;C:\Program Files\Docker\Docker\resources\bin;C:\ProgramData\DockerDesktop\version-bin;C:\Users\osama.abid\AppData\Local\Programs\Python\Python310\Scripts;C:\Users\osama.abid\AppData\Local\Programs\Python\Python310;C:\Users\osama.abid\AppData\Local\Microsoft\WindowsApps;C:\Users\osama.abid\AppData\Local\Programs\Microsoft VS Code\bin;C:\Users\osama.abid\AppData\Local\Programs\Git\cmd;C:\Users\osama.abid\AppData\Roaming\npm;C:\Users\osama.abid\AppData\Local\Programs\Git\usr\bin\vendor_perl;C:\Users\osama.abid\AppData\Local\Programs\Git\usr\bin\core_perl

Yarn version: 
  1.22.17

Node version: 
  16.14.2

Platform: 
  win32 x64

Trace: 
  Error: https://registry.yarnpkg.com/eslint-config-prettiertypescript: Not found
      at Request.params.callback [as _callback] (C:\Users\osama.abid\AppData\Roaming\npm\node_modules\yarn\lib\cli.js:67029:18)
      at Request.self.callback (C:\Users\osama.abid\AppData\Roaming\npm\node_modules\yarn\lib\cli.js:140883:22)
      at Request.emit (node:events:526:28)
      at Request.<anonymous> (C:\Users\osama.abid\AppData\Roaming\npm\node_modules\yarn\lib\cli.js:141855:10)
      at Request.emit (node:events:526:28)
      at IncomingMessage.<anonymous> (C:\Users\osama.abid\AppData\Roaming\npm\node_modules\yarn\lib\cli.js:141777:12)
      at Object.onceWrapper (node:events:645:28)
      at IncomingMessage.emit (node:events:538:35)
      at endReadableNT (node:internal/streams/readable:1345:12)
      at processTicksAndRejections (node:internal/process/task_queues:83:21)

npm manifest: 
  {
    "name": "turing-tech-hiring-test-twilio",
    "version": "1.0.0",
    "description": "",
    "main": "index.js",
    "scripts": {
      "test": "echo \"Error: no test specified\" && exit 1"
    },
    "author": "",
    "license": "ISC"
  }

yarn manifest: 
  No manifest

Lockfile: 
  No lockfile
